<?xml version="1.0" encoding="UTF-8" ?>
<testsuite tests="3" failures="0" name="cucumber.Options.TestRunner" time="7.897" errors="0" skipped="0">
  <properties>
[...]
</properties>
  <testcase classname="Create,Read and Delete a Repo with authorization" name="Create,Read and Delete a Repo with and without authorization #1" time="3.344"/>
  <testcase classname="Create,Read and Delete a Repo with authorization" name="Create,Read and Delete a Repo with and without authorization #2" time="2.346"/>
  <testcase classname="Create,Read and Delete a Repo with authorization" name="Check if we can read and delete a created public Repo without auth" time="2.207"/>
</testsuite>